2023-11-04 16:30:35,487 - INFO - Subject ID: sub-LRN001, Session ID: ses-1
2023-11-04 16:30:35,487 - INFO - Loading MAT file from /Users/PAM201/Documents/MRI/LEARN/BIDS_test/sourcedata/sub-LRN001/ses-1/physio/sub-LRN001_ses-1_task-rest_physio.mat
2023-11-04 16:30:36,083 - INFO - Labels extracted from MAT file: ['ECG Test - ECG100C' 'RSP Test - RSP100C' 'EDA - EDA100C-MRI'
 'MRI Trigger - Custom, HLT100C - A 4' 'Digital input' 'Digital input'
 'Digital input' 'Digital input' 'Digital input' 'Digital input'
 'Digital input' 'Digital input']
2023-11-04 16:30:36,083 - INFO - Units extracted from MAT file: ['mV' 'Volts' 'microsiemens' 'Volts' 'Volts' 'Volts' 'Volts' 'Volts'
 'Volts' 'Volts' 'Volts' 'Volts']
2023-11-04 16:30:36,083 - INFO - Successfully loaded MAT file from /Users/PAM201/Documents/MRI/LEARN/BIDS_test/sourcedata/sub-LRN001/ses-1/physio/sub-LRN001_ses-1_task-rest_physio.mat
2023-11-04 16:30:36,083 - INFO - Renaming channels according to BIDS conventions
2023-11-04 16:30:36,083 - INFO - BIDS labels dictionary mapping: {'ECG Test - ECG100C': 'cardiac', 'RSP Test - RSP100C': 'respiratory', 'EDA - EDA100C-MRI': 'eda', 'MRI Trigger - Custom, HLT100C - A 4': 'trigger'}
2023-11-04 16:30:36,083 - INFO - BIDS labels list after renaming: ['cardiac', 'respiratory', 'eda', 'trigger']
2023-11-04 16:30:36,083 - INFO - Labels: ['ECG Test - ECG100C' 'RSP Test - RSP100C' 'EDA - EDA100C-MRI'
 'MRI Trigger - Custom, HLT100C - A 4' 'Digital input' 'Digital input'
 'Digital input' 'Digital input' 'Digital input' 'Digital input'
 'Digital input' 'Digital input']
2023-11-04 16:30:36,084 - INFO - bids_labels_dictionary right before accessing 'trigger' key: {'ECG Test - ECG100C': 'cardiac', 'RSP Test - RSP100C': 'respiratory', 'EDA - EDA100C-MRI': 'eda', 'MRI Trigger - Custom, HLT100C - A 4': 'trigger'}
2023-11-04 16:30:36,084 - INFO - Trigger channel index: 3
2023-11-04 16:30:36,084 - INFO - Shape of trigger channel data: (21203169,)
2023-11-04 16:30:36,084 - INFO - Extracting metadata from /Users/PAM201/Documents/MRI/LEARN/BIDS_test/dataset/sub-LRN001/ses-1/func/sub-LRN001_ses-1_task-rest_run-01_bold.json
2023-11-04 16:30:36,084 - INFO - Successfully extracted metadata from /Users/PAM201/Documents/MRI/LEARN/BIDS_test/dataset/sub-LRN001/ses-1/func/sub-LRN001_ses-1_task-rest_run-01_bold.json
2023-11-04 16:30:36,084 - INFO - Successfully extracted metadata: {'TaskName': 'rest', 'RepetitionTime': 2, 'NumVolumes': 175}
2023-11-04 16:30:36,084 - INFO - run_metadata (type: <class 'dict'>): {'TaskName': 'rest', 'RepetitionTime': 2, 'NumVolumes': 175}
2023-11-04 16:30:36,084 - WARNING - Metadata for sub-LRN001_ses-1_task-rest_run-01_bold.json is missing or invalid. Skipping run.
2023-11-04 16:30:36,084 - INFO - Extracting metadata from /Users/PAM201/Documents/MRI/LEARN/BIDS_test/dataset/sub-LRN001/ses-1/func/sub-LRN001_ses-1_task-rest_run-02_bold.json
2023-11-04 16:30:36,084 - INFO - Successfully extracted metadata from /Users/PAM201/Documents/MRI/LEARN/BIDS_test/dataset/sub-LRN001/ses-1/func/sub-LRN001_ses-1_task-rest_run-02_bold.json
2023-11-04 16:30:36,084 - INFO - Successfully extracted metadata: {'TaskName': 'rest', 'RepetitionTime': 2, 'NumVolumes': 175}
2023-11-04 16:30:36,084 - INFO - run_metadata (type: <class 'dict'>): {'TaskName': 'rest', 'RepetitionTime': 2, 'NumVolumes': 175}
2023-11-04 16:30:36,084 - WARNING - Metadata for sub-LRN001_ses-1_task-rest_run-02_bold.json is missing or invalid. Skipping run.
2023-11-04 16:30:36,084 - INFO - Extracting metadata from /Users/PAM201/Documents/MRI/LEARN/BIDS_test/dataset/sub-LRN001/ses-1/func/sub-LRN001_ses-1_task-rest_run-03_bold.json
2023-11-04 16:30:36,085 - INFO - Successfully extracted metadata from /Users/PAM201/Documents/MRI/LEARN/BIDS_test/dataset/sub-LRN001/ses-1/func/sub-LRN001_ses-1_task-rest_run-03_bold.json
2023-11-04 16:30:36,085 - INFO - Successfully extracted metadata: {'TaskName': 'rest', 'RepetitionTime': 2, 'NumVolumes': 175}
2023-11-04 16:30:36,085 - INFO - run_metadata (type: <class 'dict'>): {'TaskName': 'rest', 'RepetitionTime': 2, 'NumVolumes': 175}
2023-11-04 16:30:36,085 - WARNING - Metadata for sub-LRN001_ses-1_task-rest_run-03_bold.json is missing or invalid. Skipping run.
2023-11-04 16:30:36,085 - INFO - Extracting metadata from /Users/PAM201/Documents/MRI/LEARN/BIDS_test/dataset/sub-LRN001/ses-1/func/sub-LRN001_ses-1_task-rest_run-04_bold.json
2023-11-04 16:30:36,085 - INFO - Successfully extracted metadata from /Users/PAM201/Documents/MRI/LEARN/BIDS_test/dataset/sub-LRN001/ses-1/func/sub-LRN001_ses-1_task-rest_run-04_bold.json
2023-11-04 16:30:36,085 - INFO - Successfully extracted metadata: {'TaskName': 'rest', 'RepetitionTime': 2, 'NumVolumes': 175}
2023-11-04 16:30:36,085 - INFO - run_metadata (type: <class 'dict'>): {'TaskName': 'rest', 'RepetitionTime': 2, 'NumVolumes': 175}
2023-11-04 16:30:36,085 - WARNING - Metadata for sub-LRN001_ses-1_task-rest_run-04_bold.json is missing or invalid. Skipping run.
2023-11-04 16:30:36,085 - INFO - Plotting runs and saving to /Users/PAM201/Documents/MRI/LEARN/BIDS_test/sourcedata/sub-LRN001/ses-1/physio//sub-LRN001_ses-1_task-rest_all_runs_physio.png
2023-11-04 16:30:36,218 - INFO - Process completed successfully.
